<?xml version="1.0" encoding="UTF-8"?>
<!-- Generated by org.testng.reporters.JUnitXMLReporter -->
<testsuite ignored="1" hostname="Dhanashree" failures="0" tests="1" name="Default test" time="12.352" errors="0" timestamp="2025-07-15T18:48:00 IST">
  <testcase classname="com.automation.tests.LoginTest" name="testValidLogin" time="7.14"/>
  <testcase classname="com.automation.tests.LoginTest" name="testInvalidLogin" time="0.0">
    <ignored/>
  </testcase> <!-- testInvalidLogin -->
</testsuite> <!-- Default test -->
