<?xml version="1.0" encoding="UTF-8"?>
<!-- Generated by org.testng.reporters.JUnitXMLReporter -->
<testsuite ignored="1" hostname="Dhanashree" failures="0" tests="2" name="Default test" time="11.961" errors="0" timestamp="2025-07-16T10:53:55 IST">
  <testcase classname="com.automation.tests.LoginTest" name="testInvalidCredentials" time="2.18"/>
  <testcase classname="com.automation.tests.LoginTest" name="testInvalidUser" time="0.003">
    <skipped/>
  </testcase> <!-- testInvalidUser -->
  <testcase classname="com.automation.tests.LoginTest" name="testValidLogin" time="0.0">
    <ignored/>
  </testcase> <!-- testValidLogin -->
</testsuite> <!-- Default test -->
