<?xml version="1.0" encoding="UTF-8"?>
<testng-results ignored="0" total="1" passed="1" failed="0" skipped="0">
  <reporter-output>
  </reporter-output>
  <suite started-at="2025-07-15T18:47:48 IST" name="Default suite" finished-at="2025-07-15T18:48:00 IST" duration-ms="12352">
    <groups>
    </groups>
    <test started-at="2025-07-15T18:47:48 IST" name="Default test" finished-at="2025-07-15T18:48:00 IST" duration-ms="12352">
      <class name="com.automation.tests.LoginTest">
        <test-method is-config="true" signature="setUp()[pri:0, instance:com.automation.tests.LoginTest@2e8c1c9b]" started-at="2025-07-15T18:47:48 IST" name="setUp" finished-at="2025-07-15T18:47:53 IST" duration-ms="4774" status="PASS">
          <reporter-output>
          </reporter-output>
        </test-method> <!-- setUp -->
        <test-method signature="testValidLogin()[pri:0, instance:com.automation.tests.LoginTest@2e8c1c9b]" started-at="2025-07-15T18:47:53 IST" name="testValidLogin" finished-at="2025-07-15T18:48:00 IST" duration-ms="7140" status="PASS">
          <reporter-output>
          </reporter-output>
        </test-method> <!-- testValidLogin -->
        <test-method is-config="true" signature="tearDown()[pri:0, instance:com.automation.tests.LoginTest@2e8c1c9b]" started-at="2025-07-15T18:48:00 IST" name="tearDown" finished-at="2025-07-15T18:48:00 IST" duration-ms="392" status="PASS">
          <reporter-output>
          </reporter-output>
        </test-method> <!-- tearDown -->
      </class> <!-- com.automation.tests.LoginTest -->
    </test> <!-- Default test -->
  </suite> <!-- Default suite -->
</testng-results>
