<?xml version="1.0" encoding="UTF-8"?>
<testng-results ignored="0" total="1" passed="1" failed="0" skipped="0">
  <reporter-output>
  </reporter-output>
  <suite started-at="2025-07-15T14:44:24 IST" name="Default suite" finished-at="2025-07-15T14:44:35 IST" duration-ms="11511">
    <groups>
    </groups>
    <test started-at="2025-07-15T14:44:24 IST" name="Default test" finished-at="2025-07-15T14:44:35 IST" duration-ms="11511">
      <class name="com.automation.tests.LoginTest">
        <test-method is-config="true" signature="setUp()[pri:0, instance:com.automation.tests.LoginTest@76a4ebf2]" started-at="2025-07-15T14:44:24 IST" name="setUp" finished-at="2025-07-15T14:44:30 IST" duration-ms="6764" status="PASS">
          <reporter-output>
          </reporter-output>
        </test-method> <!-- setUp -->
        <test-method signature="testValidLogin()[pri:0, instance:com.automation.tests.LoginTest@76a4ebf2]" started-at="2025-07-15T14:44:30 IST" name="testValidLogin" finished-at="2025-07-15T14:44:35 IST" duration-ms="4161" status="PASS">
          <reporter-output>
          </reporter-output>
        </test-method> <!-- testValidLogin -->
        <test-method is-config="true" signature="tearDown()[pri:0, instance:com.automation.tests.LoginTest@76a4ebf2]" started-at="2025-07-15T14:44:35 IST" name="tearDown" finished-at="2025-07-15T14:44:35 IST" duration-ms="536" status="PASS">
          <reporter-output>
          </reporter-output>
        </test-method> <!-- tearDown -->
      </class> <!-- com.automation.tests.LoginTest -->
    </test> <!-- Default test -->
  </suite> <!-- Default suite -->
</testng-results>
